<?xml version="1.0" encoding="UTF-8"?>
<!-- Generated by org.testng.reporters.JUnitXMLReporter -->
<testsuite ignored="1" hostname="DESKTOP-991AD8I" failures="0" tests="3" name="Default test" time="0.199" errors="0" timestamp="2022-10-19T23:10:07 IST">
  <testcase classname="TestNG.Disable1" name="TC1" time="0.016"/>
  <testcase classname="TestNG.Disable1" name="TC3" time="0.003"/>
  <testcase classname="TestNG.Disable1" name="TC4" time="0.004"/>
  <testcase classname="TestNG.Disable1" name="TC2" time="0.0">
    <ignored/>
  </testcase> <!-- TC2 -->
</testsuite> <!-- Default test -->
