<?xml version="1.0" encoding="UTF-8"?>
<!-- Generated by org.testng.reporters.JUnitXMLReporter -->
<testsuite ignored="0" hostname="DESKTOP-991AD8I" failures="2" tests="6" name="Test" time="0.136" errors="0" timestamp="2022-10-17T21:55:48 IST">
  <testcase classname="TestNG.Test3" name="TC5" time="0.015"/>
  <testcase classname="TestNG.Test3" name="TC6" time="0.007">
    <failure type="java.lang.AssertionError" message="null">
      <![CDATA[java.lang.AssertionError: null
at TestNG.Test3.TC6(Test3.java:22)
at java.base/java.util.ArrayList.forEach(ArrayList.java:1511)
... Removed 29 stack frames]]>
    </failure>
  </testcase> <!-- TC6 -->
  <testcase classname="TestNG.Test2" name="TC3" time="0.002">
    <failure type="java.lang.AssertionError" message="null">
      <![CDATA[java.lang.AssertionError: null
at TestNG.Test2.TC3(Test2.java:15)
at java.base/java.util.ArrayList.forEach(ArrayList.java:1511)
... Removed 29 stack frames]]>
    </failure>
  </testcase> <!-- TC3 -->
  <testcase classname="TestNG.Test2" name="TC4" time="0.002"/>
  <testcase classname="TestNG.Test1" name="TC1" time="0.003"/>
  <testcase classname="TestNG.Test1" name="TC2" time="0.004"/>
</testsuite> <!-- Test -->
