<?xml version="1.0" encoding="UTF-8"?>
<testng-results ignored="1" total="4" passed="3" failed="0" skipped="0">
  <reporter-output>
    <line>
      <![CDATA[Running TC1]]>
    </line>
    <line>
      <![CDATA[Running TC3]]>
    </line>
    <line>
      <![CDATA[Running TC4]]>
    </line>
  </reporter-output>
  <suite started-at="2022-10-19T23:10:06 IST" name="Default suite" finished-at="2022-10-19T23:10:06 IST" duration-ms="199">
    <groups>
    </groups>
    <test started-at="2022-10-19T23:10:06 IST" name="Default test" finished-at="2022-10-19T23:10:06 IST" duration-ms="199">
      <class name="TestNG.Disable1">
        <test-method signature="TC1()[pri:0, instance:TestNG.Disable1@3ba9ad43]" started-at="2022-10-19T23:10:06 IST" name="TC1" finished-at="2022-10-19T23:10:06 IST" duration-ms="16" status="PASS">
          <reporter-output>
            <line>
              <![CDATA[Running TC1]]>
            </line>
          </reporter-output>
        </test-method> <!-- TC1 -->
        <test-method signature="TC3()[pri:0, instance:TestNG.Disable1@3ba9ad43]" started-at="2022-10-19T23:10:06 IST" name="TC3" finished-at="2022-10-19T23:10:06 IST" duration-ms="3" status="PASS">
          <reporter-output>
            <line>
              <![CDATA[Running TC3]]>
            </line>
          </reporter-output>
        </test-method> <!-- TC3 -->
        <test-method signature="TC4()[pri:0, instance:TestNG.Disable1@3ba9ad43]" started-at="2022-10-19T23:10:06 IST" name="TC4" finished-at="2022-10-19T23:10:06 IST" duration-ms="4" status="PASS">
          <reporter-output>
            <line>
              <![CDATA[Running TC4]]>
            </line>
          </reporter-output>
        </test-method> <!-- TC4 -->
      </class> <!-- TestNG.Disable1 -->
    </test> <!-- Default test -->
  </suite> <!-- Default suite -->
</testng-results>
